<?xml version="1.0" encoding="UTF-8"?>
<!-- Generated by org.testng.reporters.JUnitReportReporter -->
<testsuite hostname="DESKTOP-88F7DU3" failures="0" tests="2" name="com.qa.hs.tests.LoginTest" time="15.829" errors="0" timestamp="2025-01-04T17:26:36 IST" skipped="0">
  <testcase classname="com.qa.hs.tests.LoginTest" name="logintest" time="3.607"/>
  <testcase classname="com.qa.hs.tests.LoginTest" name="SignUpTest" time="12.222"/>
</testsuite> <!-- com.qa.hs.tests.LoginTest -->
