<?xml version="1.0" encoding="UTF-8"?>
<!-- Generated by org.testng.reporters.JUnitReportReporter -->
<testsuite hostname="DESKTOP-88F7DU3" failures="0" tests="1" name="com.qa.hs.tests.LoginTest" time="9.813" errors="0" timestamp="2025-01-04T15:04:58 IST" skipped="0">
  <testcase classname="com.qa.hs.tests.LoginTest" name="logintest" time="9.813"/>
</testsuite> <!-- com.qa.hs.tests.LoginTest -->
