<?xml version="1.0" encoding="UTF-8"?>
<!-- Generated by org.testng.reporters.JUnitReportReporter -->
<testsuite hostname="DESKTOP-88F7DU3" failures="0" tests="1" name="com.qa.hs.tests.LoginTest" time="8.613" errors="0" timestamp="2025-01-04T13:50:56 IST" skipped="0">
  <testcase classname="com.qa.hs.tests.LoginTest" name="logintest" time="8.613"/>
</testsuite> <!-- com.qa.hs.tests.LoginTest -->
